<?xml version="1.0" encoding="UTF-8"?>
<coverage generated="1751548182899" clover="3.2.0">
  <project timestamp="1751548182899" name="All files">
    <metrics statements="214" coveredstatements="192" conditionals="25" coveredconditionals="15" methods="25" coveredmethods="23" elements="264" coveredelements="230" complexity="0" loc="214" ncloc="214" packages="7" files="14" classes="14"/>
    <package name="src">
      <metrics statements="39" coveredstatements="31" conditionals="2" coveredconditionals="1" methods="3" coveredmethods="1"/>
      <file name="server.ts" path="/home/devops/Bureau/Projet/perso/MSPR/PTK_product_api/src/server.ts">
        <metrics statements="39" coveredstatements="31" conditionals="2" coveredconditionals="1" methods="3" coveredmethods="1"/>
        <line num="1" count="2" type="stmt"/>
        <line num="2" count="2" type="stmt"/>
        <line num="3" count="2" type="stmt"/>
        <line num="4" count="2" type="stmt"/>
        <line num="5" count="2" type="stmt"/>
        <line num="6" count="2" type="stmt"/>
        <line num="7" count="2" type="stmt"/>
        <line num="8" count="2" type="stmt"/>
        <line num="9" count="2" type="stmt"/>
        <line num="10" count="2" type="stmt"/>
        <line num="11" count="2" type="stmt"/>
        <line num="12" count="2" type="stmt"/>
        <line num="13" count="2" type="stmt"/>
        <line num="15" count="2" type="stmt"/>
        <line num="17" count="2" type="cond" truecount="1" falsecount="1"/>
        <line num="19" count="2" type="stmt"/>
        <line num="26" count="2" type="stmt"/>
        <line num="29" count="2" type="stmt"/>
        <line num="30" count="2" type="stmt"/>
        <line num="31" count="2" type="stmt"/>
        <line num="32" count="2" type="stmt"/>
        <line num="33" count="2" type="stmt"/>
        <line num="34" count="2" type="stmt"/>
        <line num="35" count="2" type="stmt"/>
        <line num="43" count="2" type="stmt"/>
        <line num="45" count="2" type="stmt"/>
        <line num="46" count="99" type="stmt"/>
        <line num="47" count="99" type="stmt"/>
        <line num="50" count="2" type="stmt"/>
        <line num="52" count="2" type="stmt"/>
        <line num="53" count="0" type="stmt"/>
        <line num="55" count="0" type="stmt"/>
        <line num="56" count="0" type="stmt"/>
        <line num="59" count="0" type="stmt"/>
        <line num="62" count="0" type="stmt"/>
        <line num="63" count="0" type="stmt"/>
        <line num="66" count="0" type="stmt"/>
        <line num="67" count="0" type="stmt"/>
        <line num="70" count="2" type="stmt"/>
      </file>
    </package>
    <package name="src.config">
      <metrics statements="25" coveredstatements="24" conditionals="2" coveredconditionals="1" methods="1" coveredmethods="1"/>
      <file name="logger.ts" path="/home/devops/Bureau/Projet/perso/MSPR/PTK_product_api/src/config/logger.ts">
        <metrics statements="8" coveredstatements="7" conditionals="1" coveredconditionals="0" methods="0" coveredmethods="0"/>
        <line num="1" count="2" type="stmt"/>
        <line num="2" count="2" type="stmt"/>
        <line num="3" count="2" type="stmt"/>
        <line num="6" count="2" type="stmt"/>
        <line num="7" count="2" type="cond" truecount="0" falsecount="1"/>
        <line num="8" count="0" type="stmt"/>
        <line num="11" count="2" type="stmt"/>
        <line num="13" count="2" type="stmt"/>
      </file>
      <file name="metrics.ts" path="/home/devops/Bureau/Projet/perso/MSPR/PTK_product_api/src/config/metrics.ts">
        <metrics statements="5" coveredstatements="5" conditionals="0" coveredconditionals="0" methods="0" coveredmethods="0"/>
        <line num="1" count="2" type="stmt"/>
        <line num="4" count="2" type="stmt"/>
        <line num="7" count="2" type="stmt"/>
        <line num="10" count="2" type="stmt"/>
        <line num="16" count="2" type="stmt"/>
      </file>
      <file name="mongoose.ts" path="/home/devops/Bureau/Projet/perso/MSPR/PTK_product_api/src/config/mongoose.ts">
        <metrics statements="12" coveredstatements="12" conditionals="1" coveredconditionals="1" methods="1" coveredmethods="1"/>
        <line num="1" count="2" type="stmt"/>
        <line num="2" count="2" type="stmt"/>
        <line num="4" count="2" type="stmt"/>
        <line num="7" count="2" type="stmt"/>
        <line num="8" count="3" type="stmt"/>
        <line num="9" count="3" type="stmt"/>
        <line num="10" count="3" type="cond" truecount="1" falsecount="0"/>
        <line num="11" count="1" type="stmt"/>
        <line num="13" count="2" type="stmt"/>
        <line num="18" count="1" type="stmt"/>
        <line num="20" count="2" type="stmt"/>
        <line num="21" count="2" type="stmt"/>
      </file>
    </package>
    <package name="src.controllers">
      <metrics statements="35" coveredstatements="30" conditionals="3" coveredconditionals="3" methods="5" coveredmethods="5"/>
      <file name="products.controller.ts" path="/home/devops/Bureau/Projet/perso/MSPR/PTK_product_api/src/controllers/products.controller.ts">
        <metrics statements="35" coveredstatements="30" conditionals="3" coveredconditionals="3" methods="5" coveredmethods="5"/>
        <line num="2" count="3" type="stmt"/>
        <line num="10" count="3" type="stmt"/>
        <line num="11" count="1" type="stmt"/>
        <line num="12" count="1" type="stmt"/>
        <line num="13" count="1" type="stmt"/>
        <line num="15" count="0" type="stmt"/>
        <line num="19" count="3" type="stmt"/>
        <line num="20" count="2" type="stmt"/>
        <line num="21" count="2" type="stmt"/>
        <line num="22" count="2" type="stmt"/>
        <line num="23" count="2" type="cond" truecount="1" falsecount="0"/>
        <line num="24" count="1" type="stmt"/>
        <line num="26" count="1" type="stmt"/>
        <line num="28" count="0" type="stmt"/>
        <line num="32" count="3" type="stmt"/>
        <line num="33" count="2" type="stmt"/>
        <line num="34" count="2" type="stmt"/>
        <line num="35" count="2" type="stmt"/>
        <line num="37" count="0" type="stmt"/>
        <line num="41" count="3" type="stmt"/>
        <line num="42" count="2" type="stmt"/>
        <line num="43" count="2" type="stmt"/>
        <line num="44" count="2" type="stmt"/>
        <line num="45" count="2" type="cond" truecount="1" falsecount="0"/>
        <line num="46" count="1" type="stmt"/>
        <line num="48" count="1" type="stmt"/>
        <line num="50" count="0" type="stmt"/>
        <line num="54" count="3" type="stmt"/>
        <line num="55" count="2" type="stmt"/>
        <line num="56" count="2" type="stmt"/>
        <line num="57" count="2" type="stmt"/>
        <line num="58" count="2" type="cond" truecount="1" falsecount="0"/>
        <line num="59" count="1" type="stmt"/>
        <line num="61" count="1" type="stmt"/>
        <line num="63" count="0" type="stmt"/>
      </file>
    </package>
    <package name="src.lib">
      <metrics statements="54" coveredstatements="48" conditionals="10" coveredconditionals="4" methods="9" coveredmethods="9"/>
      <file name="auth.ts" path="/home/devops/Bureau/Projet/perso/MSPR/PTK_product_api/src/lib/auth.ts">
        <metrics statements="13" coveredstatements="12" conditionals="3" coveredconditionals="0" methods="2" coveredmethods="2"/>
        <line num="1" count="2" type="stmt"/>
        <line num="3" count="2" type="stmt"/>
        <line num="4" count="2" type="stmt"/>
        <line num="10" count="2" type="stmt"/>
        <line num="11" count="1" type="stmt"/>
        <line num="12" count="1" type="stmt"/>
        <line num="14" count="1" type="cond" truecount="0" falsecount="1"/>
        <line num="16" count="1" type="cond" truecount="0" falsecount="1"/>
        <line num="17" count="0" type="stmt"/>
        <line num="20" count="1" type="stmt"/>
        <line num="21" count="1" type="cond" truecount="0" falsecount="1"/>
        <line num="22" count="1" type="stmt"/>
        <line num="23" count="1" type="stmt"/>
      </file>
      <file name="loggerMiddleware.ts" path="/home/devops/Bureau/Projet/perso/MSPR/PTK_product_api/src/lib/loggerMiddleware.ts">
        <metrics statements="7" coveredstatements="7" conditionals="0" coveredconditionals="0" methods="2" coveredmethods="2"/>
        <line num="2" count="2" type="stmt"/>
        <line num="4" count="2" type="stmt"/>
        <line num="5" count="101" type="stmt"/>
        <line num="7" count="101" type="stmt"/>
        <line num="8" count="101" type="stmt"/>
        <line num="9" count="101" type="stmt"/>
        <line num="17" count="101" type="stmt"/>
      </file>
      <file name="metricsMiddleware.ts" path="/home/devops/Bureau/Projet/perso/MSPR/PTK_product_api/src/lib/metricsMiddleware.ts">
        <metrics statements="5" coveredstatements="5" conditionals="2" coveredconditionals="2" methods="2" coveredmethods="2"/>
        <line num="2" count="2" type="stmt"/>
        <line num="4" count="2" type="stmt"/>
        <line num="5" count="101" type="stmt"/>
        <line num="6" count="101" type="stmt"/>
        <line num="13" count="101" type="stmt"/>
      </file>
      <file name="rabbitmq.ts" path="/home/devops/Bureau/Projet/perso/MSPR/PTK_product_api/src/lib/rabbitmq.ts">
        <metrics statements="22" coveredstatements="18" conditionals="4" coveredconditionals="2" methods="2" coveredmethods="2"/>
        <line num="1" count="4" type="stmt"/>
        <line num="2" count="4" type="stmt"/>
        <line num="4" count="4" type="stmt"/>
        <line num="5" count="4" type="stmt"/>
        <line num="7" count="4" type="stmt"/>
        <line num="8" count="4" type="stmt"/>
        <line num="10" count="4" type="stmt"/>
        <line num="11" count="3" type="stmt"/>
        <line num="12" count="3" type="cond" truecount="0" falsecount="1"/>
        <line num="13" count="0" type="stmt"/>
        <line num="15" count="3" type="stmt"/>
        <line num="16" count="2" type="cond" truecount="1" falsecount="1"/>
        <line num="17" count="2" type="stmt"/>
        <line num="18" count="2" type="stmt"/>
        <line num="20" count="0" type="stmt"/>
        <line num="21" count="0" type="stmt"/>
        <line num="24" count="1" type="stmt"/>
        <line num="25" count="1" type="stmt"/>
        <line num="29" count="4" type="stmt"/>
        <line num="30" count="1" type="cond" truecount="1" falsecount="0"/>
        <line num="31" count="1" type="stmt"/>
        <line num="33" count="0" type="stmt"/>
      </file>
      <file name="validateProduct.ts" path="/home/devops/Bureau/Projet/perso/MSPR/PTK_product_api/src/lib/validateProduct.ts">
        <metrics statements="7" coveredstatements="6" conditionals="1" coveredconditionals="0" methods="1" coveredmethods="1"/>
        <line num="1" count="2" type="stmt"/>
        <line num="5" count="2" type="stmt"/>
        <line num="13" count="2" type="stmt"/>
        <line num="14" count="1" type="stmt"/>
        <line num="15" count="1" type="cond" truecount="0" falsecount="1"/>
        <line num="16" count="0" type="stmt"/>
        <line num="18" count="1" type="stmt"/>
      </file>
    </package>
    <package name="src.models">
      <metrics statements="3" coveredstatements="3" conditionals="0" coveredconditionals="0" methods="0" coveredmethods="0"/>
      <file name="Product.ts" path="/home/devops/Bureau/Projet/perso/MSPR/PTK_product_api/src/models/Product.ts">
        <metrics statements="3" coveredstatements="3" conditionals="0" coveredconditionals="0" methods="0" coveredmethods="0"/>
        <line num="1" count="5" type="stmt"/>
        <line num="3" count="5" type="stmt"/>
        <line num="16" count="5" type="stmt"/>
      </file>
    </package>
    <package name="src.routes">
      <metrics statements="11" coveredstatements="11" conditionals="0" coveredconditionals="0" methods="0" coveredmethods="0"/>
      <file name="products.routes.ts" path="/home/devops/Bureau/Projet/perso/MSPR/PTK_product_api/src/routes/products.routes.ts">
        <metrics statements="11" coveredstatements="11" conditionals="0" coveredconditionals="0" methods="0" coveredmethods="0"/>
        <line num="1" count="2" type="stmt"/>
        <line num="2" count="2" type="stmt"/>
        <line num="9" count="2" type="stmt"/>
        <line num="10" count="2" type="stmt"/>
        <line num="12" count="2" type="stmt"/>
        <line num="14" count="2" type="stmt"/>
        <line num="15" count="2" type="stmt"/>
        <line num="16" count="2" type="stmt"/>
        <line num="17" count="2" type="stmt"/>
        <line num="18" count="2" type="stmt"/>
        <line num="20" count="2" type="stmt"/>
      </file>
    </package>
    <package name="src.services">
      <metrics statements="47" coveredstatements="45" conditionals="8" coveredconditionals="6" methods="7" coveredmethods="7"/>
      <file name="productConsumer.ts" path="/home/devops/Bureau/Projet/perso/MSPR/PTK_product_api/src/services/productConsumer.ts">
        <metrics statements="36" coveredstatements="34" conditionals="8" coveredconditionals="6" methods="2" coveredmethods="2"/>
        <line num="1" count="2" type="stmt"/>
        <line num="2" count="2" type="stmt"/>
        <line num="3" count="2" type="stmt"/>
        <line num="9" count="2" type="stmt"/>
        <line num="10" count="7" type="stmt"/>
        <line num="11" count="7" type="stmt"/>
        <line num="12" count="7" type="stmt"/>
        <line num="14" count="7" type="stmt"/>
        <line num="15" count="7" type="stmt"/>
        <line num="16" count="7" type="stmt"/>
        <line num="18" count="7" type="stmt"/>
        <line num="19" count="7" type="cond" truecount="0" falsecount="1"/>
        <line num="21" count="7" type="stmt"/>
        <line num="22" count="7" type="stmt"/>
        <line num="24" count="6" type="stmt"/>
        <line num="27" count="6" type="cond" truecount="1" falsecount="0"/>
        <line num="28" count="1" type="stmt"/>
        <line num="29" count="1" type="stmt"/>
        <line num="33" count="5" type="cond" truecount="0" falsecount="1"/>
        <line num="34" count="0" type="stmt"/>
        <line num="35" count="0" type="stmt"/>
        <line num="37" count="5" type="stmt"/>
        <line num="38" count="4" type="cond" truecount="3" falsecount="0"/>
        <line num="39" count="1" type="stmt"/>
        <line num="40" count="1" type="stmt"/>
        <line num="44" count="3" type="stmt"/>
        <line num="45" count="3" type="cond" truecount="1" falsecount="0"/>
        <line num="46" count="1" type="stmt"/>
        <line num="47" count="1" type="stmt"/>
        <line num="48" count="1" type="cond" truecount="1" falsecount="0"/>
        <line num="49" count="1" type="stmt"/>
        <line num="50" count="1" type="stmt"/>
        <line num="51" count="1" type="stmt"/>
        <line num="56" count="3" type="stmt"/>
        <line num="58" count="2" type="stmt"/>
        <line num="59" count="2" type="stmt"/>
      </file>
      <file name="products.service.ts" path="/home/devops/Bureau/Projet/perso/MSPR/PTK_product_api/src/services/products.service.ts">
        <metrics statements="11" coveredstatements="11" conditionals="0" coveredconditionals="0" methods="5" coveredmethods="5"/>
        <line num="1" count="4" type="stmt"/>
        <line num="3" count="4" type="stmt"/>
        <line num="4" count="1" type="stmt"/>
        <line num="7" count="4" type="stmt"/>
        <line num="8" count="1" type="stmt"/>
        <line num="11" count="4" type="stmt"/>
        <line num="12" count="2" type="stmt"/>
        <line num="15" count="4" type="stmt"/>
        <line num="16" count="1" type="stmt"/>
        <line num="22" count="4" type="stmt"/>
        <line num="23" count="1" type="stmt"/>
      </file>
    </package>
  </project>
</coverage>
