{"/home/devops/Bureau/Projet/perso/MSPR/PTK_product_api/src/models/Product.ts": {"path":"/home/devops/Bureau/Projet/perso/MSPR/PTK_product_api/src/models/Product.ts","statementMap":{"0":{"start":{"line":1,"column":0},"end":{"line":1,"column":41}},"1":{"start":{"line":3,"column":22},"end":{"line":13,"column":null}},"2":{"start":{"line":16,"column":13},"end":{"line":16,"column":55}}},"fnMap":{},"branchMap":{},"s":{"0":2,"1":2,"2":2},"f":{},"b":{}}
,"/home/devops/Bureau/Projet/perso/MSPR/PTK_product_api/src/services/products.service.ts": {"path":"/home/devops/Bureau/Projet/perso/MSPR/PTK_product_api/src/services/products.service.ts","statementMap":{"0":{"start":{"line":3,"column":0},"end":{"line":3,"column":7}},"1":{"start":{"line":7,"column":0},"end":{"line":7,"column":7}},"2":{"start":{"line":11,"column":0},"end":{"line":11,"column":7}},"3":{"start":{"line":15,"column":0},"end":{"line":15,"column":7}},"4":{"start":{"line":22,"column":0},"end":{"line":22,"column":7}},"5":{"start":{"line":1,"column":0},"end":{"line":1,"column":47}},"6":{"start":{"line":4,"column":2},"end":{"line":4,"column":24}},"7":{"start":{"line":8,"column":2},"end":{"line":8,"column":30}},"8":{"start":{"line":12,"column":2},"end":{"line":12,"column":30}},"9":{"start":{"line":16,"column":2},"end":{"line":19,"column":5}},"10":{"start":{"line":23,"column":2},"end":{"line":23,"column":39}}},"fnMap":{"0":{"name":"findAllProducts","decl":{"start":{"line":3,"column":22},"end":{"line":3,"column":37}},"loc":{"start":{"line":3,"column":37},"end":{"line":5,"column":1}}},"1":{"name":"findProductById","decl":{"start":{"line":7,"column":22},"end":{"line":7,"column":37}},"loc":{"start":{"line":7,"column":48},"end":{"line":9,"column":1}}},"2":{"name":"createNewProduct","decl":{"start":{"line":11,"column":22},"end":{"line":11,"column":38}},"loc":{"start":{"line":11,"column":48},"end":{"line":13,"column":1}}},"3":{"name":"updateExistingProduct","decl":{"start":{"line":15,"column":22},"end":{"line":15,"column":43}},"loc":{"start":{"line":15,"column":65},"end":{"line":20,"column":1}}},"4":{"name":"removeProduct","decl":{"start":{"line":22,"column":22},"end":{"line":22,"column":35}},"loc":{"start":{"line":22,"column":46},"end":{"line":24,"column":1}}}},"branchMap":{},"s":{"0":2,"1":2,"2":2,"3":2,"4":2,"5":2,"6":2,"7":2,"8":2,"9":2,"10":2},"f":{"0":2,"1":2,"2":2,"3":2,"4":2},"b":{}}
}
