{"/Users/enzodesousa/Desktop/Epsi/cours/4e_5e_Annee/MSPR/MSPR2/API/PTK_product_api/src/controllers/products.controller.ts": {"path":"/Users/enzodesousa/Desktop/Epsi/cours/4e_5e_Annee/MSPR/MSPR2/API/PTK_product_api/src/controllers/products.controller.ts","statementMap":{"0":{"start":{"line":10,"column":0},"end":{"line":10,"column":7}},"1":{"start":{"line":19,"column":0},"end":{"line":19,"column":7}},"2":{"start":{"line":32,"column":0},"end":{"line":32,"column":7}},"3":{"start":{"line":41,"column":0},"end":{"line":41,"column":7}},"4":{"start":{"line":54,"column":0},"end":{"line":54,"column":7}},"5":{"start":{"line":2,"column":0},"end":{"line":2,"column":null}},"6":{"start":{"line":11,"column":2},"end":{"line":16,"column":3}},"7":{"start":{"line":12,"column":21},"end":{"line":12,"column":44}},"8":{"start":{"line":13,"column":4},"end":{"line":13,"column":30}},"9":{"start":{"line":15,"column":4},"end":{"line":15,"column":58}},"10":{"start":{"line":20,"column":2},"end":{"line":29,"column":3}},"11":{"start":{"line":21,"column":19},"end":{"line":21,"column":29}},"12":{"start":{"line":22,"column":20},"end":{"line":22,"column":45}},"13":{"start":{"line":23,"column":4},"end":{"line":25,"column":5}},"14":{"start":{"line":24,"column":6},"end":{"line":24,"column":70}},"15":{"start":{"line":26,"column":4},"end":{"line":26,"column":29}},"16":{"start":{"line":28,"column":4},"end":{"line":28,"column":58}},"17":{"start":{"line":33,"column":2},"end":{"line":38,"column":3}},"18":{"start":{"line":34,"column":23},"end":{"line":34,"column":55}},"19":{"start":{"line":35,"column":4},"end":{"line":35,"column":44}},"20":{"start":{"line":37,"column":4},"end":{"line":37,"column":58}},"21":{"start":{"line":42,"column":2},"end":{"line":51,"column":3}},"22":{"start":{"line":43,"column":19},"end":{"line":43,"column":29}},"23":{"start":{"line":44,"column":20},"end":{"line":44,"column":61}},"24":{"start":{"line":45,"column":4},"end":{"line":47,"column":5}},"25":{"start":{"line":46,"column":6},"end":{"line":46,"column":70}},"26":{"start":{"line":48,"column":4},"end":{"line":48,"column":29}},"27":{"start":{"line":50,"column":4},"end":{"line":50,"column":58}},"28":{"start":{"line":55,"column":2},"end":{"line":64,"column":3}},"29":{"start":{"line":56,"column":19},"end":{"line":56,"column":29}},"30":{"start":{"line":57,"column":20},"end":{"line":57,"column":43}},"31":{"start":{"line":58,"column":4},"end":{"line":60,"column":5}},"32":{"start":{"line":59,"column":6},"end":{"line":59,"column":70}},"33":{"start":{"line":61,"column":4},"end":{"line":61,"column":65}},"34":{"start":{"line":63,"column":4},"end":{"line":63,"column":58}}},"fnMap":{"0":{"name":"getAllProducts","decl":{"start":{"line":10,"column":22},"end":{"line":10,"column":36}},"loc":{"start":{"line":10,"column":64},"end":{"line":17,"column":1}}},"1":{"name":"getProductById","decl":{"start":{"line":19,"column":22},"end":{"line":19,"column":36}},"loc":{"start":{"line":19,"column":64},"end":{"line":30,"column":1}}},"2":{"name":"createProduct","decl":{"start":{"line":32,"column":22},"end":{"line":32,"column":35}},"loc":{"start":{"line":32,"column":63},"end":{"line":39,"column":1}}},"3":{"name":"updateProduct","decl":{"start":{"line":41,"column":22},"end":{"line":41,"column":35}},"loc":{"start":{"line":41,"column":63},"end":{"line":52,"column":1}}},"4":{"name":"deleteProduct","decl":{"start":{"line":54,"column":22},"end":{"line":54,"column":35}},"loc":{"start":{"line":54,"column":63},"end":{"line":65,"column":1}}}},"branchMap":{"0":{"loc":{"start":{"line":23,"column":4},"end":{"line":25,"column":5}},"type":"if","locations":[{"start":{"line":23,"column":4},"end":{"line":25,"column":5}}]},"1":{"loc":{"start":{"line":45,"column":4},"end":{"line":47,"column":5}},"type":"if","locations":[{"start":{"line":45,"column":4},"end":{"line":47,"column":5}}]},"2":{"loc":{"start":{"line":58,"column":4},"end":{"line":60,"column":5}},"type":"if","locations":[{"start":{"line":58,"column":4},"end":{"line":60,"column":5}}]}},"s":{"0":2,"1":2,"2":2,"3":2,"4":2,"5":2,"6":2,"7":2,"8":1,"9":1,"10":3,"11":3,"12":3,"13":2,"14":1,"15":1,"16":1,"17":3,"18":3,"19":2,"20":1,"21":3,"22":3,"23":3,"24":2,"25":1,"26":1,"27":1,"28":3,"29":3,"30":3,"31":2,"32":1,"33":1,"34":1},"f":{"0":2,"1":3,"2":3,"3":3,"4":3},"b":{"0":[1],"1":[1],"2":[1]}}
,"/Users/enzodesousa/Desktop/Epsi/cours/4e_5e_Annee/MSPR/MSPR2/API/PTK_product_api/src/lib/auth.ts": {"path":"/Users/enzodesousa/Desktop/Epsi/cours/4e_5e_Annee/MSPR/MSPR2/API/PTK_product_api/src/lib/auth.ts","statementMap":{"0":{"start":{"line":1,"column":0},"end":{"line":1,"column":31}},"1":{"start":{"line":3,"column":0},"end":{"line":3,"column":28}},"2":{"start":{"line":4,"column":0},"end":{"line":4,"column":16}},"3":{"start":{"line":10,"column":33},"end":{"line":25,"column":1}},"4":{"start":{"line":11,"column":21},"end":{"line":11,"column":49}},"5":{"start":{"line":12,"column":16},"end":{"line":12,"column":41}},"6":{"start":{"line":14,"column":2},"end":{"line":14,"column":72}},"7":{"start":{"line":14,"column":14},"end":{"line":14,"column":72}},"8":{"start":{"line":16,"column":2},"end":{"line":18,"column":3}},"9":{"start":{"line":17,"column":4},"end":{"line":17,"column":74}},"10":{"start":{"line":20,"column":2},"end":{"line":24,"column":5}},"11":{"start":{"line":21,"column":4},"end":{"line":21,"column":71}},"12":{"start":{"line":21,"column":13},"end":{"line":21,"column":71}},"13":{"start":{"line":22,"column":4},"end":{"line":22,"column":20}},"14":{"start":{"line":23,"column":4},"end":{"line":23,"column":11}},"15":{"start":{"line":10,"column":13},"end":{"line":10,"column":33}}},"fnMap":{"0":{"name":"(anonymous_1)","decl":{"start":{"line":10,"column":33},"end":{"line":10,"column":34}},"loc":{"start":{"line":10,"column":89},"end":{"line":25,"column":1}}},"1":{"name":"(anonymous_2)","decl":{"start":{"line":20,"column":44},"end":{"line":20,"column":45}},"loc":{"start":{"line":20,"column":58},"end":{"line":24,"column":3}}}},"branchMap":{"0":{"loc":{"start":{"line":14,"column":2},"end":{"line":14,"column":72}},"type":"if","locations":[{"start":{"line":14,"column":2},"end":{"line":14,"column":72}}]},"1":{"loc":{"start":{"line":16,"column":2},"end":{"line":18,"column":3}},"type":"if","locations":[{"start":{"line":16,"column":2},"end":{"line":18,"column":3}}]},"2":{"loc":{"start":{"line":21,"column":4},"end":{"line":21,"column":71}},"type":"if","locations":[{"start":{"line":21,"column":4},"end":{"line":21,"column":71}}]}},"s":{"0":2,"1":2,"2":2,"3":2,"4":5,"5":5,"6":5,"7":1,"8":4,"9":1,"10":3,"11":3,"12":1,"13":2,"14":2,"15":2},"f":{"0":5,"1":3},"b":{"0":[1],"1":[1],"2":[1]}}
,"/Users/enzodesousa/Desktop/Epsi/cours/4e_5e_Annee/MSPR/MSPR2/API/PTK_product_api/src/lib/authorize.ts": {"path":"/Users/enzodesousa/Desktop/Epsi/cours/4e_5e_Annee/MSPR/MSPR2/API/PTK_product_api/src/lib/authorize.ts","statementMap":{"0":{"start":{"line":4,"column":30},"end":{"line":11,"column":1}},"1":{"start":{"line":5,"column":2},"end":{"line":10,"column":4}},"2":{"start":{"line":6,"column":4},"end":{"line":8,"column":5}},"3":{"start":{"line":7,"column":6},"end":{"line":7,"column":81}},"4":{"start":{"line":9,"column":4},"end":{"line":9,"column":11}},"5":{"start":{"line":4,"column":13},"end":{"line":4,"column":30}}},"fnMap":{"0":{"name":"(anonymous_0)","decl":{"start":{"line":4,"column":30},"end":{"line":4,"column":31}},"loc":{"start":{"line":4,"column":53},"end":{"line":11,"column":1}}},"1":{"name":"(anonymous_1)","decl":{"start":{"line":5,"column":9},"end":{"line":5,"column":10}},"loc":{"start":{"line":5,"column":65},"end":{"line":10,"column":3}}}},"branchMap":{"0":{"loc":{"start":{"line":6,"column":4},"end":{"line":8,"column":5}},"type":"if","locations":[{"start":{"line":6,"column":4},"end":{"line":8,"column":5}}]},"1":{"loc":{"start":{"line":6,"column":8},"end":{"line":6,"column":51}},"type":"binary-expr","locations":[{"start":{"line":6,"column":8},"end":{"line":6,"column":17}},{"start":{"line":6,"column":21},"end":{"line":6,"column":51}}]}},"s":{"0":1,"1":3,"2":3,"3":2,"4":1,"5":1},"f":{"0":3,"1":3},"b":{"0":[2],"1":[3,2]}}
,"/Users/enzodesousa/Desktop/Epsi/cours/4e_5e_Annee/MSPR/MSPR2/API/PTK_product_api/src/lib/validateProduct.ts": {"path":"/Users/enzodesousa/Desktop/Epsi/cours/4e_5e_Annee/MSPR/MSPR2/API/PTK_product_api/src/lib/validateProduct.ts","statementMap":{"0":{"start":{"line":1,"column":0},"end":{"line":1,"column":24}},"1":{"start":{"line":5,"column":22},"end":{"line":11,"column":2}},"2":{"start":{"line":13,"column":31},"end":{"line":19,"column":1}},"3":{"start":{"line":14,"column":17},"end":{"line":14,"column":50}},"4":{"start":{"line":15,"column":2},"end":{"line":17,"column":3}},"5":{"start":{"line":16,"column":4},"end":{"line":16,"column":65}},"6":{"start":{"line":18,"column":2},"end":{"line":18,"column":9}},"7":{"start":{"line":13,"column":13},"end":{"line":13,"column":31}}},"fnMap":{"0":{"name":"(anonymous_0)","decl":{"start":{"line":13,"column":31},"end":{"line":13,"column":32}},"loc":{"start":{"line":13,"column":83},"end":{"line":19,"column":1}}}},"branchMap":{"0":{"loc":{"start":{"line":15,"column":2},"end":{"line":17,"column":3}},"type":"if","locations":[{"start":{"line":15,"column":2},"end":{"line":17,"column":3}}]}},"s":{"0":2,"1":2,"2":2,"3":3,"4":3,"5":1,"6":2,"7":2},"f":{"0":3},"b":{"0":[1]}}
,"/Users/enzodesousa/Desktop/Epsi/cours/4e_5e_Annee/MSPR/MSPR2/API/PTK_product_api/src/models/Product.ts": {"path":"/Users/enzodesousa/Desktop/Epsi/cours/4e_5e_Annee/MSPR/MSPR2/API/PTK_product_api/src/models/Product.ts","statementMap":{"0":{"start":{"line":1,"column":0},"end":{"line":1,"column":41}},"1":{"start":{"line":3,"column":22},"end":{"line":13,"column":null}},"2":{"start":{"line":16,"column":13},"end":{"line":16,"column":55}}},"fnMap":{},"branchMap":{},"s":{"0":4,"1":4,"2":4},"f":{},"b":{}}
,"/Users/enzodesousa/Desktop/Epsi/cours/4e_5e_Annee/MSPR/MSPR2/API/PTK_product_api/src/routes/products.routes.ts": {"path":"/Users/enzodesousa/Desktop/Epsi/cours/4e_5e_Annee/MSPR/MSPR2/API/PTK_product_api/src/routes/products.routes.ts","statementMap":{"0":{"start":{"line":1,"column":0},"end":{"line":1,"column":33}},"1":{"start":{"line":2,"column":0},"end":{"line":2,"column":null}},"2":{"start":{"line":9,"column":0},"end":{"line":9,"column":51}},"3":{"start":{"line":10,"column":0},"end":{"line":10,"column":60}},"4":{"start":{"line":12,"column":15},"end":{"line":12,"column":23}},"5":{"start":{"line":14,"column":0},"end":{"line":14,"column":32}},"6":{"start":{"line":15,"column":0},"end":{"line":15,"column":54}},"7":{"start":{"line":16,"column":0},"end":{"line":16,"column":68}},"8":{"start":{"line":17,"column":0},"end":{"line":17,"column":70}},"9":{"start":{"line":18,"column":0},"end":{"line":18,"column":56}},"10":{"start":{"line":20,"column":0},"end":{"line":20,"column":22}}},"fnMap":{},"branchMap":{},"s":{"0":1,"1":1,"2":1,"3":1,"4":1,"5":1,"6":1,"7":1,"8":1,"9":1,"10":1},"f":{},"b":{}}
,"/Users/enzodesousa/Desktop/Epsi/cours/4e_5e_Annee/MSPR/MSPR2/API/PTK_product_api/src/services/productConsumer.ts": {"path":"/Users/enzodesousa/Desktop/Epsi/cours/4e_5e_Annee/MSPR/MSPR2/API/PTK_product_api/src/services/productConsumer.ts","statementMap":{"0":{"start":{"line":9,"column":0},"end":{"line":9,"column":7}},"1":{"start":{"line":1,"column":0},"end":{"line":1,"column":48}},"2":{"start":{"line":2,"column":0},"end":{"line":2,"column":47}},"3":{"start":{"line":3,"column":0},"end":{"line":3,"column":31}},"4":{"start":{"line":10,"column":18},"end":{"line":10,"column":30}},"5":{"start":{"line":11,"column":19},"end":{"line":11,"column":27}},"6":{"start":{"line":12,"column":20},"end":{"line":12,"column":48}},"7":{"start":{"line":14,"column":2},"end":{"line":14,"column":69}},"8":{"start":{"line":15,"column":2},"end":{"line":15,"column":58}},"9":{"start":{"line":16,"column":2},"end":{"line":16,"column":64}},"10":{"start":{"line":18,"column":2},"end":{"line":61,"column":5}},"11":{"start":{"line":19,"column":4},"end":{"line":19,"column":21}},"12":{"start":{"line":19,"column":14},"end":{"line":19,"column":21}},"13":{"start":{"line":21,"column":4},"end":{"line":60,"column":5}},"14":{"start":{"line":22,"column":22},"end":{"line":22,"column":56}},"15":{"start":{"line":24,"column":30},"end":{"line":24,"column":37}},"16":{"start":{"line":27,"column":6},"end":{"line":30,"column":7}},"17":{"start":{"line":28,"column":8},"end":{"line":28,"column":58}},"18":{"start":{"line":29,"column":8},"end":{"line":29,"column":47}},"19":{"start":{"line":33,"column":6},"end":{"line":36,"column":7}},"20":{"start":{"line":34,"column":8},"end":{"line":34,"column":81}},"21":{"start":{"line":35,"column":8},"end":{"line":35,"column":47}},"22":{"start":{"line":37,"column":22},"end":{"line":37,"column":77}},"23":{"start":{"line":38,"column":6},"end":{"line":41,"column":7}},"24":{"start":{"line":39,"column":8},"end":{"line":39,"column":82}},"25":{"start":{"line":40,"column":8},"end":{"line":40,"column":47}},"26":{"start":{"line":44,"column":24},"end":{"line":44,"column":28}},"27":{"start":{"line":45,"column":6},"end":{"line":54,"column":7}},"28":{"start":{"line":46,"column":8},"end":{"line":53,"column":9}},"29":{"start":{"line":47,"column":26},"end":{"line":47,"column":64}},"30":{"start":{"line":48,"column":10},"end":{"line":52,"column":11}},"31":{"start":{"line":49,"column":12},"end":{"line":49,"column":43}},"32":{"start":{"line":50,"column":12},"end":{"line":50,"column":33}},"33":{"start":{"line":51,"column":12},"end":{"line":51,"column":65}},"34":{"start":{"line":56,"column":6},"end":{"line":56,"column":23}},"35":{"start":{"line":58,"column":6},"end":{"line":58,"column":71}},"36":{"start":{"line":59,"column":6},"end":{"line":59,"column":38}}},"fnMap":{"0":{"name":"consumeOrderCreated","decl":{"start":{"line":9,"column":22},"end":{"line":9,"column":41}},"loc":{"start":{"line":9,"column":41},"end":{"line":62,"column":1}}},"1":{"name":"(anonymous_2)","decl":{"start":{"line":18,"column":29},"end":{"line":18,"column":34}},"loc":{"start":{"line":18,"column":43},"end":{"line":61,"column":3}}}},"branchMap":{"0":{"loc":{"start":{"line":19,"column":4},"end":{"line":19,"column":21}},"type":"if","locations":[{"start":{"line":19,"column":4},"end":{"line":19,"column":21}}]},"1":{"loc":{"start":{"line":27,"column":6},"end":{"line":30,"column":7}},"type":"if","locations":[{"start":{"line":27,"column":6},"end":{"line":30,"column":7}}]},"2":{"loc":{"start":{"line":33,"column":6},"end":{"line":36,"column":7}},"type":"if","locations":[{"start":{"line":33,"column":6},"end":{"line":36,"column":7}}]},"3":{"loc":{"start":{"line":38,"column":6},"end":{"line":41,"column":7}},"type":"if","locations":[{"start":{"line":38,"column":6},"end":{"line":41,"column":7}}]},"4":{"loc":{"start":{"line":38,"column":10},"end":{"line":38,"column":73}},"type":"binary-expr","locations":[{"start":{"line":38,"column":10},"end":{"line":38,"column":37}},{"start":{"line":38,"column":41},"end":{"line":38,"column":73}}]},"5":{"loc":{"start":{"line":45,"column":6},"end":{"line":54,"column":7}},"type":"if","locations":[{"start":{"line":45,"column":6},"end":{"line":54,"column":7}}]},"6":{"loc":{"start":{"line":48,"column":10},"end":{"line":52,"column":11}},"type":"if","locations":[{"start":{"line":48,"column":10},"end":{"line":52,"column":11}}]}},"s":{"0":2,"1":2,"2":2,"3":2,"4":9,"5":9,"6":9,"7":9,"8":9,"9":9,"10":9,"11":9,"12":1,"13":8,"14":8,"15":7,"16":7,"17":1,"18":1,"19":6,"20":1,"21":1,"22":5,"23":4,"24":1,"25":1,"26":3,"27":3,"28":1,"29":1,"30":1,"31":1,"32":1,"33":1,"34":3,"35":2,"36":2},"f":{"0":9,"1":9},"b":{"0":[1],"1":[1],"2":[1],"3":[1],"4":[4,4],"5":[1],"6":[1]}}
,"/Users/enzodesousa/Desktop/Epsi/cours/4e_5e_Annee/MSPR/MSPR2/API/PTK_product_api/src/services/products.service.ts": {"path":"/Users/enzodesousa/Desktop/Epsi/cours/4e_5e_Annee/MSPR/MSPR2/API/PTK_product_api/src/services/products.service.ts","statementMap":{"0":{"start":{"line":3,"column":0},"end":{"line":3,"column":7}},"1":{"start":{"line":7,"column":0},"end":{"line":7,"column":7}},"2":{"start":{"line":11,"column":0},"end":{"line":11,"column":7}},"3":{"start":{"line":15,"column":0},"end":{"line":15,"column":7}},"4":{"start":{"line":22,"column":0},"end":{"line":22,"column":7}},"5":{"start":{"line":1,"column":0},"end":{"line":1,"column":47}},"6":{"start":{"line":4,"column":2},"end":{"line":4,"column":24}},"7":{"start":{"line":8,"column":2},"end":{"line":8,"column":30}},"8":{"start":{"line":12,"column":2},"end":{"line":12,"column":30}},"9":{"start":{"line":16,"column":2},"end":{"line":19,"column":5}},"10":{"start":{"line":23,"column":2},"end":{"line":23,"column":39}}},"fnMap":{"0":{"name":"findAllProducts","decl":{"start":{"line":3,"column":22},"end":{"line":3,"column":37}},"loc":{"start":{"line":3,"column":37},"end":{"line":5,"column":1}}},"1":{"name":"findProductById","decl":{"start":{"line":7,"column":22},"end":{"line":7,"column":37}},"loc":{"start":{"line":7,"column":48},"end":{"line":9,"column":1}}},"2":{"name":"createNewProduct","decl":{"start":{"line":11,"column":22},"end":{"line":11,"column":38}},"loc":{"start":{"line":11,"column":48},"end":{"line":13,"column":1}}},"3":{"name":"updateExistingProduct","decl":{"start":{"line":15,"column":22},"end":{"line":15,"column":43}},"loc":{"start":{"line":15,"column":65},"end":{"line":20,"column":1}}},"4":{"name":"removeProduct","decl":{"start":{"line":22,"column":22},"end":{"line":22,"column":35}},"loc":{"start":{"line":22,"column":46},"end":{"line":24,"column":1}}}},"branchMap":{},"s":{"0":3,"1":3,"2":3,"3":3,"4":3,"5":3,"6":1,"7":1,"8":2,"9":1,"10":1},"f":{"0":1,"1":1,"2":2,"3":1,"4":1},"b":{}}
}
