TN:
SF:src/server.ts
FN:45,(anonymous_1)
FN:52,startServer
FN:62,(anonymous_3)
FNF:3
FNH:1
FNDA:99,(anonymous_1)
FNDA:0,startServer
FNDA:0,(anonymous_3)
DA:1,2
DA:2,2
DA:3,2
DA:4,2
DA:5,2
DA:6,2
DA:7,2
DA:8,2
DA:9,2
DA:10,2
DA:11,2
DA:12,2
DA:13,2
DA:15,2
DA:17,2
DA:19,2
DA:26,2
DA:29,2
DA:30,2
DA:31,2
DA:32,2
DA:33,2
DA:34,2
DA:35,2
DA:43,2
DA:45,2
DA:46,99
DA:47,99
DA:50,2
DA:52,2
DA:53,0
DA:55,0
DA:56,0
DA:59,0
DA:62,0
DA:63,0
DA:66,0
DA:67,0
DA:70,2
LF:39
LH:31
BRDA:17,0,0,0
BRDA:17,0,1,2
BRF:2
BRH:1
end_of_record
TN:
SF:src/config/logger.ts
FNF:0
FNH:0
DA:1,2
DA:2,2
DA:3,2
DA:6,2
DA:7,2
DA:8,0
DA:11,2
DA:13,2
LF:8
LH:7
BRDA:7,0,0,0
BRF:1
BRH:0
end_of_record
TN:
SF:src/config/metrics.ts
FNF:0
FNH:0
DA:1,2
DA:4,2
DA:7,2
DA:10,2
DA:16,2
LF:5
LH:5
BRF:0
BRH:0
end_of_record
TN:
SF:src/config/mongoose.ts
FN:7,connectDB
FNF:1
FNH:1
FNDA:3,connectDB
DA:1,2
DA:2,2
DA:4,2
DA:7,2
DA:8,3
DA:9,3
DA:10,3
DA:11,1
DA:13,2
DA:18,1
DA:20,2
DA:21,2
LF:12
LH:12
BRDA:10,0,0,1
BRF:1
BRH:1
end_of_record
TN:
SF:src/controllers/products.controller.ts
FN:10,getAllProducts
FN:19,getProductById
FN:32,createProduct
FN:41,updateProduct
FN:54,deleteProduct
FNF:5
FNH:5
FNDA:1,getAllProducts
FNDA:2,getProductById
FNDA:2,createProduct
FNDA:2,updateProduct
FNDA:2,deleteProduct
DA:2,3
DA:10,3
DA:11,1
DA:12,1
DA:13,1
DA:15,0
DA:19,3
DA:20,2
DA:21,2
DA:22,2
DA:23,2
DA:24,1
DA:26,1
DA:28,0
DA:32,3
DA:33,2
DA:34,2
DA:35,2
DA:37,0
DA:41,3
DA:42,2
DA:43,2
DA:44,2
DA:45,2
DA:46,1
DA:48,1
DA:50,0
DA:54,3
DA:55,2
DA:56,2
DA:57,2
DA:58,2
DA:59,1
DA:61,1
DA:63,0
LF:35
LH:30
BRDA:23,0,0,1
BRDA:45,1,0,1
BRDA:58,2,0,1
BRF:3
BRH:3
end_of_record
TN:
SF:src/lib/auth.ts
FN:10,(anonymous_1)
FN:20,(anonymous_2)
FNF:2
FNH:2
FNDA:1,(anonymous_1)
FNDA:1,(anonymous_2)
DA:1,2
DA:3,2
DA:4,2
DA:10,2
DA:11,1
DA:12,1
DA:14,1
DA:16,1
DA:17,0
DA:20,1
DA:21,1
DA:22,1
DA:23,1
LF:13
LH:12
BRDA:14,0,0,0
BRDA:16,1,0,0
BRDA:21,2,0,0
BRF:3
BRH:0
end_of_record
TN:
SF:src/lib/loggerMiddleware.ts
FN:4,requestLogger
FN:7,(anonymous_2)
FNF:2
FNH:2
FNDA:101,requestLogger
FNDA:101,(anonymous_2)
DA:2,2
DA:4,2
DA:5,101
DA:7,101
DA:8,101
DA:9,101
DA:17,101
LF:7
LH:7
BRF:0
BRH:0
end_of_record
TN:
SF:src/lib/metricsMiddleware.ts
FN:4,metricsMiddleware
FN:5,(anonymous_1)
FNF:2
FNH:2
FNDA:101,metricsMiddleware
FNDA:101,(anonymous_1)
DA:2,2
DA:4,2
DA:5,101
DA:6,101
DA:13,101
LF:5
LH:5
BRDA:8,0,0,101
BRDA:8,0,1,1
BRF:2
BRH:2
end_of_record
TN:
SF:src/lib/rabbitmq.ts
FN:10,connectRabbitMQ
FN:29,getChannel
FNF:2
FNH:2
FNDA:3,connectRabbitMQ
FNDA:1,getChannel
DA:1,4
DA:2,4
DA:4,4
DA:5,4
DA:7,4
DA:8,4
DA:10,4
DA:11,3
DA:12,3
DA:13,0
DA:15,3
DA:16,2
DA:17,2
DA:18,2
DA:20,0
DA:21,0
DA:24,1
DA:25,1
DA:29,4
DA:30,1
DA:31,1
DA:33,0
LF:22
LH:18
BRDA:12,0,0,0
BRDA:16,1,0,2
BRDA:16,1,1,0
BRDA:30,2,0,1
BRF:4
BRH:2
end_of_record
TN:
SF:src/lib/validateProduct.ts
FN:13,(anonymous_0)
FNF:1
FNH:1
FNDA:1,(anonymous_0)
DA:1,2
DA:5,2
DA:13,2
DA:14,1
DA:15,1
DA:16,0
DA:18,1
LF:7
LH:6
BRDA:15,0,0,0
BRF:1
BRH:0
end_of_record
TN:
SF:src/models/Product.ts
FNF:0
FNH:0
DA:1,5
DA:3,5
DA:16,5
LF:3
LH:3
BRF:0
BRH:0
end_of_record
TN:
SF:src/routes/products.routes.ts
FNF:0
FNH:0
DA:1,2
DA:2,2
DA:9,2
DA:10,2
DA:12,2
DA:14,2
DA:15,2
DA:16,2
DA:17,2
DA:18,2
DA:20,2
LF:11
LH:11
BRF:0
BRH:0
end_of_record
TN:
SF:src/services/productConsumer.ts
FN:9,consumeOrderCreated
FN:18,(anonymous_2)
FNF:2
FNH:2
FNDA:7,consumeOrderCreated
FNDA:7,(anonymous_2)
DA:1,2
DA:2,2
DA:3,2
DA:9,2
DA:10,7
DA:11,7
DA:12,7
DA:14,7
DA:15,7
DA:16,7
DA:18,7
DA:19,7
DA:21,7
DA:22,7
DA:24,6
DA:27,6
DA:28,1
DA:29,1
DA:33,5
DA:34,0
DA:35,0
DA:37,5
DA:38,4
DA:39,1
DA:40,1
DA:44,3
DA:45,3
DA:46,1
DA:47,1
DA:48,1
DA:49,1
DA:50,1
DA:51,1
DA:56,3
DA:58,2
DA:59,2
LF:36
LH:34
BRDA:19,0,0,0
BRDA:27,1,0,1
BRDA:33,2,0,0
BRDA:38,3,0,1
BRDA:38,4,0,4
BRDA:38,4,1,4
BRDA:45,5,0,1
BRDA:48,6,0,1
BRF:8
BRH:6
end_of_record
TN:
SF:src/services/products.service.ts
FN:3,findAllProducts
FN:7,findProductById
FN:11,createNewProduct
FN:15,updateExistingProduct
FN:22,removeProduct
FNF:5
FNH:5
FNDA:1,findAllProducts
FNDA:1,findProductById
FNDA:2,createNewProduct
FNDA:1,updateExistingProduct
FNDA:1,removeProduct
DA:1,4
DA:3,4
DA:4,1
DA:7,4
DA:8,1
DA:11,4
DA:12,2
DA:15,4
DA:16,1
DA:22,4
DA:23,1
LF:11
LH:11
BRF:0
BRH:0
end_of_record
