TN:
SF:src/models/Product.ts
FNF:0
FNH:0
DA:1,2
DA:3,2
DA:16,2
LF:3
LH:3
BRF:0
BRH:0
end_of_record
TN:
SF:src/services/products.service.ts
FN:3,findAllProducts
FN:7,findProductById
FN:11,createNewProduct
FN:15,updateExistingProduct
FN:22,removeProduct
FNF:5
FNH:5
FNDA:2,findAllProducts
FNDA:2,findProductById
FNDA:2,createNewProduct
FNDA:2,updateExistingProduct
FNDA:2,removeProduct
DA:1,2
DA:3,2
DA:4,2
DA:7,2
DA:8,2
DA:11,2
DA:12,2
DA:15,2
DA:16,2
DA:22,2
DA:23,2
LF:11
LH:11
BRF:0
BRH:0
end_of_record
